<?xml version="1.0" encoding="UTF-8"?>
<testsuite name="mtx商城"
           tests="4"
           failures="0"
           errors="0"
           skipped="0"
           time="49.987">
  <properties />
  
  
            <testcase name="test004_order" time="14.773" classname="com.mtx.ui.auto.test.MtxTests" />
                <testcase name="test001_login" time="12.512" classname="com.mtx.ui.auto.test.MtxTests" />
                <testcase name="test002_login" time="12.281" classname="com.mtx.ui.auto.test.MtxTests" />
                <testcase name="test003_login" time="10.421" classname="com.mtx.ui.auto.test.MtxTests" />
      
</testsuite>
